[2025-05-25T18:10:59.967+0000] {taskinstance.py:1956} INFO - Dependencies all met for dep_context=non-requeueable deps ti=<TaskInstance: prediccion_modelo_produccion_dag.predecir manual__2025-05-25T18:10:58.426806+00:00 [queued]>
[2025-05-25T18:11:00.007+0000] {taskinstance.py:1956} INFO - Dependencies all met for dep_context=requeueable deps ti=<TaskInstance: prediccion_modelo_produccion_dag.predecir manual__2025-05-25T18:10:58.426806+00:00 [queued]>
[2025-05-25T18:11:00.008+0000] {taskinstance.py:2170} INFO - Starting attempt 1 of 2
[2025-05-25T18:11:00.081+0000] {taskinstance.py:2191} INFO - Executing <Task(_PythonDecoratedOperator): predecir> on 2025-05-25 18:10:58.426806+00:00
[2025-05-25T18:11:00.095+0000] {standard_task_runner.py:60} INFO - Started process 496 to run task
[2025-05-25T18:11:00.110+0000] {standard_task_runner.py:87} INFO - Running: ['***', 'tasks', 'run', 'prediccion_modelo_produccion_dag', 'predecir', 'manual__2025-05-25T18:10:58.426806+00:00', '--job-id', '17', '--raw', '--subdir', 'DAGS_FOLDER/prediccion_modelo_produccion_dag.py', '--cfg-path', '/tmp/tmppg00tgsa']
[2025-05-25T18:11:00.120+0000] {standard_task_runner.py:88} INFO - Job 17: Subtask predecir
[2025-05-25T18:11:00.424+0000] {task_command.py:423} INFO - Running <TaskInstance: prediccion_modelo_produccion_dag.predecir manual__2025-05-25T18:10:58.426806+00:00 [running]> on host f2a09463ba3f
[2025-05-25T18:11:00.896+0000] {taskinstance.py:2480} INFO - Exporting env vars: AIRFLOW_CTX_DAG_OWNER='fede' AIRFLOW_CTX_DAG_ID='prediccion_modelo_produccion_dag' AIRFLOW_CTX_TASK_ID='predecir' AIRFLOW_CTX_EXECUTION_DATE='2025-05-25T18:10:58.426806+00:00' AIRFLOW_CTX_TRY_NUMBER='1' AIRFLOW_CTX_DAG_RUN_ID='manual__2025-05-25T18:10:58.426806+00:00'
[2025-05-25T18:11:04.355+0000] {logging_mixin.py:188} WARNING - /home/***/.local/lib/python3.8/site-packages/mlflow/store/artifact/utils/models.py:31 FutureWarning: ``mlflow.tracking.client.MlflowClient.get_latest_versions`` is deprecated since 2.9.0. Model registry stages will be removed in a future major release. To learn more about the deprecation of model registry stages, see our migration guide here: https://mlflow.org/docs/latest/model-registry.html#migrating-from-stages
[2025-05-25T18:11:04.720+0000] {taskinstance.py:2698} ERROR - Task failed with exception
Traceback (most recent call last):
  File "_catboost.pyx", line 2534, in _catboost.get_float_feature
  File "_catboost.pyx", line 1228, in _catboost._FloatOrNan
  File "_catboost.pyx", line 1023, in _catboost._FloatOrNanFromString
TypeError: Cannot convert '2,5' to float

During handling of the above exception, another exception occurred:

Traceback (most recent call last):
  File "/home/airflow/.local/lib/python3.8/site-packages/airflow/models/taskinstance.py", line 433, in _execute_task
    result = execute_callable(context=context, **execute_callable_kwargs)
  File "/home/airflow/.local/lib/python3.8/site-packages/airflow/decorators/base.py", line 241, in execute
    return_value = super().execute(context)
  File "/home/airflow/.local/lib/python3.8/site-packages/airflow/operators/python.py", line 199, in execute
    return_value = self.execute_callable()
  File "/home/airflow/.local/lib/python3.8/site-packages/airflow/operators/python.py", line 216, in execute_callable
    return self.python_callable(*self.op_args, **self.op_kwargs)
  File "/opt/airflow/dags/prediccion_modelo_produccion_dag.py", line 46, in predecir
    predicciones = model.predict(nuevos_datos)
  File "/home/airflow/.local/lib/python3.8/site-packages/catboost/core.py", line 5924, in predict
    return self._predict(data, prediction_type, ntree_start, ntree_end, thread_count, verbose, 'predict', task_type)
  File "/home/airflow/.local/lib/python3.8/site-packages/catboost/core.py", line 2620, in _predict
    data, data_is_single_object = self._process_predict_input_data(data, parent_method_name, thread_count)
  File "/home/airflow/.local/lib/python3.8/site-packages/catboost/core.py", line 2600, in _process_predict_input_data
    data = Pool(
  File "/home/airflow/.local/lib/python3.8/site-packages/catboost/core.py", line 855, in __init__
    self._init(data, label, cat_features, text_features, embedding_features, embedding_features_data, pairs, graph, weight,
  File "/home/airflow/.local/lib/python3.8/site-packages/catboost/core.py", line 1491, in _init
    self._init_pool(data, label, cat_features, text_features, embedding_features, embedding_features_data, pairs, graph, weight,
  File "_catboost.pyx", line 4329, in _catboost._PoolBase._init_pool
  File "_catboost.pyx", line 4381, in _catboost._PoolBase._init_pool
  File "_catboost.pyx", line 4190, in _catboost._PoolBase._init_features_order_layout_pool
  File "_catboost.pyx", line 3114, in _catboost._set_features_order_data_pd_data_frame
  File "_catboost.pyx", line 2578, in _catboost.create_num_factor_data
  File "_catboost.pyx", line 2536, in _catboost.get_float_feature
_catboost.CatBoostError: Bad value for num_feature[non_default_doc_idx=0,feature_idx=0]="2,5": Cannot convert '2,5' to float
[2025-05-25T18:11:04.780+0000] {taskinstance.py:1138} INFO - Marking task as UP_FOR_RETRY. dag_id=prediccion_modelo_produccion_dag, task_id=predecir, execution_date=20250525T181058, start_date=20250525T181059, end_date=20250525T181104
[2025-05-25T18:11:04.830+0000] {standard_task_runner.py:107} ERROR - Failed to execute job 17 for task predecir (Bad value for num_feature[non_default_doc_idx=0,feature_idx=0]="2,5": Cannot convert '2,5' to float; 496)
[2025-05-25T18:11:04.902+0000] {local_task_job_runner.py:234} INFO - Task exited with return code 1
[2025-05-25T18:11:04.982+0000] {taskinstance.py:3280} INFO - 0 downstream tasks scheduled from follow-on schedule check
