[2025-05-31T16:54:01.439+0000] {taskinstance.py:1956} INFO - Dependencies all met for dep_context=non-requeueable deps ti=<TaskInstance: entrenamiento_modelos_regresion.entrenar_y_promover manual__2025-05-31T16:53:59.729360+00:00 [queued]>
[2025-05-31T16:54:01.477+0000] {taskinstance.py:1956} INFO - Dependencies all met for dep_context=requeueable deps ti=<TaskInstance: entrenamiento_modelos_regresion.entrenar_y_promover manual__2025-05-31T16:53:59.729360+00:00 [queued]>
[2025-05-31T16:54:01.479+0000] {taskinstance.py:2170} INFO - Starting attempt 1 of 2
[2025-05-31T16:54:01.530+0000] {taskinstance.py:2191} INFO - Executing <Task(_PythonDecoratedOperator): entrenar_y_promover> on 2025-05-31 16:53:59.729360+00:00
[2025-05-31T16:54:01.551+0000] {standard_task_runner.py:60} INFO - Started process 399 to run task
[2025-05-31T16:54:01.570+0000] {standard_task_runner.py:87} INFO - Running: ['***', 'tasks', 'run', 'entrenamiento_modelos_regresion', 'entrenar_y_promover', 'manual__2025-05-31T16:53:59.729360+00:00', '--job-id', '6', '--raw', '--subdir', 'DAGS_FOLDER/entrenamiento_modelos_regresion_dag.py', '--cfg-path', '/tmp/tmp8wcfx7eq']
[2025-05-31T16:54:01.584+0000] {standard_task_runner.py:88} INFO - Job 6: Subtask entrenar_y_promover
[2025-05-31T16:54:01.915+0000] {task_command.py:423} INFO - Running <TaskInstance: entrenamiento_modelos_regresion.entrenar_y_promover manual__2025-05-31T16:53:59.729360+00:00 [running]> on host 5b1f99eb2bfd
[2025-05-31T16:54:02.368+0000] {taskinstance.py:2480} INFO - Exporting env vars: AIRFLOW_CTX_DAG_OWNER='fede' AIRFLOW_CTX_DAG_ID='entrenamiento_modelos_regresion' AIRFLOW_CTX_TASK_ID='entrenar_y_promover' AIRFLOW_CTX_EXECUTION_DATE='2025-05-31T16:53:59.729360+00:00' AIRFLOW_CTX_TRY_NUMBER='1' AIRFLOW_CTX_DAG_RUN_ID='manual__2025-05-31T16:53:59.729360+00:00'
[2025-05-31T16:54:09.037+0000] {taskinstance.py:2698} ERROR - Task failed with exception
Traceback (most recent call last):
  File "/home/airflow/.local/lib/python3.8/site-packages/pandas/io/pickle.py", line 196, in read_pickle
    return pickle.load(handles.handle)
ModuleNotFoundError: No module named 'ity,brand,model,year,price,detail_url,km,motor,ano,tipo,combustible,color,transmision,puertas'

During handling of the above exception, another exception occurred:

Traceback (most recent call last):
  File "/home/airflow/.local/lib/python3.8/site-packages/airflow/models/taskinstance.py", line 433, in _execute_task
    result = execute_callable(context=context, **execute_callable_kwargs)
  File "/home/airflow/.local/lib/python3.8/site-packages/airflow/decorators/base.py", line 241, in execute
    return_value = super().execute(context)
  File "/home/airflow/.local/lib/python3.8/site-packages/airflow/operators/python.py", line 199, in execute
    return_value = self.execute_callable()
  File "/home/airflow/.local/lib/python3.8/site-packages/airflow/operators/python.py", line 216, in execute_callable
    return self.python_callable(*self.op_args, **self.op_kwargs)
  File "/opt/airflow/dags/entrenamiento_modelos_regresion_dag.py", line 34, in entrenar_y_promover
    df = pd.read_pickle("/opt/airflow/dags/data/raw/scraped_autopia_2025-05-31.csv")
  File "/home/airflow/.local/lib/python3.8/site-packages/pandas/io/pickle.py", line 201, in read_pickle
    return pc.load(handles.handle, encoding=None)
  File "/home/airflow/.local/lib/python3.8/site-packages/pandas/compat/pickle_compat.py", line 218, in load
    return up.load()
  File "/usr/local/lib/python3.8/pickle.py", line 1212, in load
    dispatch[key[0]](self)
  File "/usr/local/lib/python3.8/pickle.py", line 1528, in load_global
    klass = self.find_class(module, name)
  File "/home/airflow/.local/lib/python3.8/site-packages/pandas/compat/pickle_compat.py", line 149, in find_class
    return super().find_class(module, name)
  File "/usr/local/lib/python3.8/pickle.py", line 1579, in find_class
    __import__(module, level=0)
ModuleNotFoundError: No module named 'ity,brand,model,year,price,detail_url,km,motor,ano,tipo,combustible,color,transmision,puertas'
[2025-05-31T16:54:09.067+0000] {taskinstance.py:1138} INFO - Marking task as UP_FOR_RETRY. dag_id=entrenamiento_modelos_regresion, task_id=entrenar_y_promover, execution_date=20250531T165359, start_date=20250531T165401, end_date=20250531T165409
[2025-05-31T16:54:09.098+0000] {standard_task_runner.py:107} ERROR - Failed to execute job 6 for task entrenar_y_promover (No module named 'ity,brand,model,year,price,detail_url,km,motor,ano,tipo,combustible,color,transmision,puertas'; 399)
[2025-05-31T16:54:09.203+0000] {local_task_job_runner.py:234} INFO - Task exited with return code 1
[2025-05-31T16:54:09.275+0000] {taskinstance.py:3280} INFO - 0 downstream tasks scheduled from follow-on schedule check
